2017:10:27 09:30:34 POST:array (
  'grant_type' => 'authorization_code',
  'code' => 'FSDGDJSGPJSWBGNKB',
  'redirect_uri' => 'http://api.egret-labs.org/v2/game/22853/91234',
),header:array (
  'Host' => 'eagle.test',
  'Accept' => '*/*',
  'Content-Type' => 'application/x-www-form-urlencoded',
  'Authorization' => 'MAC id="abcdef",ts="1509067834",nonce="f5f7f97f2a80642c6ba63adb2bb40f26",mac="ryOJTEwmsf3g0svsxa9MJtlH/UY="',
  'Content-Length' => '111',
)
2017:10:27 09:30:46 POST:array (
  'grant_type' => 'authorization_code',
  'code' => 'FSDGDJSGPJSWBGNKB',
  'redirect_uri' => 'http://api.egret-labs.org/v2/game/22853/91234',
),header:array (
  'Host' => 'eagle.test',
  'Accept' => '*/*',
  'Content-Type' => 'application/x-www-form-urlencoded',
  'Authorization' => 'MAC id="abcdef",ts="1509067846",nonce="8734c549f8ad2e7b58b76523c46a42cc",mac="NjBDuf1CpokeZehlsv7CnID1RX4="',
  'Content-Length' => '111',
)
2017:10:27 09:32:08 POST:array (
  'grant_type' => 'authorization_code',
  'code' => 'FSDGDJSGPJSWBGNKB',
  'redirect_uri' => 'http://api.egret-labs.org/v2/game/22853/91234',
),header:array (
  'Host' => 'eagle.test',
  'Accept' => '*/*',
  'Content-Type' => 'application/x-www-form-urlencoded',
  'Authorization' => 'MAC id="abcdef",ts="1509067928",nonce="6235fab5867f0e8524e6ea5ac173ac39",mac="MChyhDVQhZluTTCxfmmZhVmgaFI="',
  'Content-Length' => '111',
)
2017:10:27 09:34:01 POST:array (
  'grant_type' => 'authorization_code',
  'code' => 'FSDGDJSGPJSWBGNKB',
  'redirect_uri' => 'http://api.egret-labs.org/v2/game/22853/91234',
),header:array (
  'Host' => 'eagle.test',
  'Accept' => '*/*',
  'Content-Type' => 'application/x-www-form-urlencoded',
  'Authorization' => 'MAC id="abcdef",ts="1509068041",nonce="39be44ae64d19d06ab768d5dc4c2a49b",mac="mOjSvB7dWpeFywUlgDuLelbBwic="',
  'Content-Length' => '111',
)
2017:10:27 09:35:18 POST:array (
  'grant_type' => 'authorization_code',
  'code' => 'FSDGDJSGPJSWBGNKB',
  'redirect_uri' => 'http://api.egret-labs.org/v2/game/22853/91234',
),header:array (
  'Host' => 'eagle.test',
  'Accept' => '*/*',
  'Content-Type' => 'application/x-www-form-urlencoded',
  'Authorization' => 'MAC id="abcdef",ts="1509068118",nonce="bde428842421e872b9345173c8130ad6",mac="DEhisVkYo6XDzbpRTjWDi6VF0Ac="',
  'Content-Length' => '111',
)
2017:10:27 09:42:25 POST:array (
  'grant_type' => 'authorization_code',
  'code' => 'FSDGDJSGPJSWBGNKB',
  'redirect_uri' => 'http://api.egret-labs.org/v2/game/22853/91234',
),header:array (
  'Host' => 'eagle.test',
  'Accept' => '*/*',
  'Content-Type' => 'application/x-www-form-urlencoded',
  'Authorization' => 'MAC id="abcdef",ts="1509068545",nonce="bc6d39344189d0a4ec1126316bd66c4d",mac="PpBlJRe5uLM0N713pcURbmBgeQQ="',
  'Content-Length' => '111',
)
2017:10:27 09:43:36 POST:array (
  'grant_type' => 'authorization_code',
  'code' => 'FSDGDJSGPJSWBGNKB',
  'redirect_uri' => 'http://api.egret-labs.org/v2/game/22853/91234',
),header:array (
  'Host' => 'eagle.test',
  'Accept' => '*/*',
  'Content-Type' => 'application/x-www-form-urlencoded',
  'Authorization' => 'MAC id="abcdef",ts="1509068616",nonce="08f39eb5267e211851435599ab078b0f",mac="RmwqgL0VU8fCiQLhbZMH0Ynof9Y="',
  'Content-Length' => '111',
)
2017:10:27 09:51:07 POST:array (
  'grant_type' => 'authorization_code',
  'code' => 'FSDGDJSGPJSWBGNKB',
  'redirect_uri' => 'http://api.egret-labs.org/v2/game/22853/91234',
),header:array (
  'Host' => 'eagle.test',
  'Accept' => '*/*',
  'Content-Type' => 'application/x-www-form-urlencoded',
  'Authorization' => 'MAC id="abcdef",ts="1509069067",nonce="9600cc5a699f865341cf7556e13b01c7",mac="63splUWEKnLxFkssShbAh0e1+EE="',
  'Content-Length' => '111',
)
2017:10:27 09:51:20 POST:array (
  'grant_type' => 'authorization_code',
  'code' => 'FSDGDJSGPJSWBGNKB',
  'redirect_uri' => 'http://api.egret-labs.org/v2/game/22853/91234',
),header:array (
  'Host' => 'eagle.test',
  'Accept' => '*/*',
  'Content-Type' => 'application/x-www-form-urlencoded',
  'Authorization' => 'MAC id="abcdef",ts="1509069080",nonce="846ce886ed048926c987d456f2d34ce6",mac="oXBnuvwcFOZlLqe7l4byU102QYM="',
  'Content-Length' => '111',
)
2017:10:27 09:51:37 POST:array (
  'grant_type' => 'authorization_code',
  'code' => 'FSDGDJSGPJSWBGNKB',
  'redirect_uri' => 'http://api.egret-labs.org/v2/game/22853/91234',
),header:array (
  'Host' => 'eagle.test',
  'Accept' => '*/*',
  'Content-Type' => 'application/x-www-form-urlencoded',
  'Authorization' => 'MAC id="abcdef",ts="1509069097",nonce="b2e84a531fc38cf7aa5cc22b3d863c4b",mac="8Zc8szYbKly4tRPazci/fof5Q3E="',
  'Content-Length' => '111',
)
2017:10:27 09:52:02 POST:array (
  'grant_type' => 'authorization_code',
  'code' => 'FSDGDJSGPJSWBGNKB',
  'redirect_uri' => 'http://api.egret-labs.org/v2/game/22853/91234',
),header:array (
  'Host' => 'eagle.test',
  'Accept' => '*/*',
  'Content-Type' => 'application/x-www-form-urlencoded',
  'Authorization' => 'MAC id="abcdef",ts="1509069122",nonce="0e7d710ebcecdc5b0fb19c7f06efa0e7",mac="0xQu31KbUbAMRf7aJ+LCq9wuQyQ="',
  'Content-Length' => '111',
)
2017:10:27 09:53:00 POST:array (
  'grant_type' => 'authorization_code',
  'code' => 'FSDGDJSGPJSWBGNKB',
  'redirect_uri' => 'http://api.egret-labs.org/v2/game/22853/91234',
),header:array (
  'Host' => 'eagle.test',
  'Accept' => '*/*',
  'Content-Type' => 'application/x-www-form-urlencoded',
  'Authorization' => 'MAC id="abcdef",ts="1509069180",nonce="0d5521f4244f561db6c090bd47eb8a36",mac="CyFiQwBgiEBWioZCXorLOlPSkAQ="',
  'Content-Length' => '111',
)
